[    00000] italizg groupubs cpet
[   00000] italiznggroup bss cp
[   00000] italizg grou ssys uat
[  .0000]inuxerion 4.-130enric uidd@l01am4-9) (c ersi 54.0 16609 Ubtu 5.4-6untu1604) #156butu S Tu Jun  0:53: UC 20 (buntu 4.-13056genec .4.1)
[  0.0000 Cmmanlie: BT_MA=/oot/vmnu-4.030-gerc ro=UID5947e-d0401335-973570db9 ro nsle=t1 onso=tyS0    0000] RNL suored cs:
[  0000] Inte GenineIel
[  .00000  MD AheticA
    00000] Cntr ntauaus   0.0000 x86pu Legcy87 FPUetcted
[   0.000] x8fp: Usg 'eger'PUcontt witcs.
[   0000] 82: IOS-ovded yscal M ap:    0000] OSe820[mm 0x0000000000-0000000fbffusble    0.0000 BOS-e20 [em 0x0000000fc0-00000009fff]esrved[    00000BI-e82 [em 00000000f00-00000000ffff]rervd
[  00000] OS-e0:[mem0x00000001000-0x0000000ffeffff] usable
[    0.000000] BIOS-e820: [mem 0x000000003fff0000-0x000000003fffffff] ACPI data
[    0.000000] BIOS-e820: [mem 0x00000000fffc0000-0x00000000ffffffff] reserved
[    0.000000] NX (Execute Disable) protection: active
[    0.000000] SMBIOS 2.5 present.
[    0.000000] e820: last_pfn = 0x3fff0 max_arch_pfn = 0x400000000
[    0.000000] MTRR: Disabled
[    0.000000] x86/PAT: MTRRs disabled, skipping PAT initialzaion to
    00000]CPMTRRs lllank- rtaledystem.[   0.000]86AT: nfgurti [-7]:B WT  UCUC WB WTUC- C  [   .0000] found SMP MP-table at [mem 0x0009fff0-0x0009ffff] mapped at [ffff88000009fff0]
[    0.000000] Scanning 1 areas for low memory corruption
[    0.000000] RAMDISK: [mem 0x361ed000-0x370edfff]
[    0.000000] ACPI: Early table checksum verification disabled
[    0.000000] ACPI: RSDP 0x00000000000E0000 000024 (v02 VBOX  )
[    0.000000] ACPI: XSDT 0x000000003FFF0030 00003C (v01 VBOX   VBOXXSDT 00000001 ASL  00000061)
[    0.000000] ACPI: FACP 0x000000003FFF00F0 0000F4 (v04 VBOX   VBOXFACP 00000001 ASL  00000061)
[    0.000000] ACPI: DSDT 0x000000003FFF0470 001BF1 (v01 VBOX   VBOXBIOS 00000002 INTL 20100528)
[    0.000000] ACPI: FACS 0x000000003FFF0200 000040
[    0.000000] ACPI: FACS 0x000000003FFF0200 000040
[    0.000] CP AIC 0000000FF240 0005(v02BO  VBAPC 00001 AS  0000)[  00000 API: SD0x000003FFA0001C(v1 VBX   BOXCT 0000 ITL 20152)[  0.000] NoUM conguatio fun
[   0.0000] akg a noe  [mem 000000000000-0000000feff]    0000] DEDATA(0 aocted em0x3ffe000x3feff]
  0.000]one raes
[  00000  DM    mem 000000000100-0x000000000fffff]
[    0.000000]   DMA32    [mem 0x0000000001000000-0x000000003ffeffff]
[    0.000000]   Normal   empty
[    0.000000]   Device   empty
[    0.000000] Movable zone start for each node
[    0.000000] Early memory node ranges
[    0.000000]   node   0: [mem 0x0000000000001000-0x000000000009efff]
[    0.000000]   node   0: [mem 0x0000000000100000-0x000000003ffeffff]
[    0.000000] Initmem setup node 0 [mem 0x0000000000001000-0x000000003ffeffff]
[    0.000000] ACPI: PM-Timer IO Port: 0x4008
[    0.000000] IOAPIC[0]: apic_id 2, version 17, address 0xfec00000, GSI 0-23
[    0.000000] ACPI: INT_SRC_OVR (bus 0 bus_irq 0 global_irq 2 dfl dfl)
[    0.000000] ACPI: INT_SRC_OVR (bus 0 bus_irq 9 global_irq 9 high level)
[    0.000000] Using ACPI (MADT) for SMP configuration information
[    0.000000] smpboot: Allowing 2 CPUs, 0 hotplug CPUs
[    0.000000] PM: Registered nosave memory: [mem 0x00000000-0x00000fff]
[    0.000000] PM: Registered nosave memory: [mem 0x0009f000-0x0009ffff]
[    0.000000] PM: Registered nosave memory: [mem 0x000a0000-0x000effff]
[    0.000000] PM: Registered nosave memory: [mem 0x000f0000-0x000fffff]
[    0.000000] e820: [mem 0x40000000-0xfffbffff] available for PCI devices
[    0.000000] Booting paravirtualized kernel on bare hadwar
   0.000] clckurce rind-ifes: ma: xfffffmax_cls:xfffff mx_dlns 76419002168ns
  0.0000] etuppepu: _CS:51 ncpumasbis:51 n_c_ids2 _node_ds1
[  .00000 PCPU:mbded  pges/u ffff88003fc00000 s99544 r8192 d31528 u1048576
[    0.000000] Built 1 zonelists in Node order, mobility grouping on.  Total pages: 257912
[    0.000000] Policy zone: DMA32
[    0.000000] Kernel command line: BOOT_IMAGE=/boot/vmlinuz-4.4.0-130-generic root=UUID=2599847e-b1d0-4013-a357-9739570da0b9o console=tty1 console=ttyS0
[    0.000000] PID hash table entries: 4096 (order: 3, 32768 bytes)
[    0.000000] Memory: 997188K/1048120K available (8546K kernel code, 1313K rwdata, 4000K rodata, 1516K init, 1316K bss, 50932K reserved, 0K cma-reserved)
[    0.000000] SLUB: HWalign=64, Order=0-3, MinObjects=0, CPUs=2, Nodes=1
[    0.000000] Kernel/User page tables isolation: enabled
[    0.000000] Hierarchical RCU implementation.
[    0.000000] 	Build-time adjustment of leaf fanout to 64.
[    0.000000] 	RCU restricting CPUs from NR_CPUS=512 to nr_cpu_ids=2.
[    0.000000] RCU: Adjusting geometry for rcu_fanout_leaf=64, nr_cpu_ids=2
[    0.000000] NR_IRQS:33024 nr_irqs:440 16
[    0.000000] Console: colour VGA+ 80x25
[    0.000000] console [tty1] enabled
[    0.000000] console [ttyS0] enabled

[    0.000000] tsc: Unable to calibrate against PIT
[    0.000000] tsc: using PMTIMER reference calibration
[    0.000000] tsc: Detected 3395.833 MHz processor
[    0.016017] Calibrating delay loop (skipped), value calculated using timer frequency.. 6791.66 BogoMIPS (lpj=13583332)
[    0.024008] pid_max: default: 32768 minimum: 301
[    0.024676] ACPI: Core revision 20150930
[    0.025883] ACPI: 2 ACPI AML tables successfully acquired and loaded
[    0.026855] Security Framework initialized
[    0.027385] Yama: becoming mindful.
[    0.032022] AppArmor: AppArmor initialized
[    0.036069] Dentry cache hash table entries: 131072 (order: 8, 1048576 bytes)
[    0.040288] Inode-cache hash table entries: 65536 (order: 7, 524288 bytes)
[    0.041147] Mount-cache hash table entries: 2048 (order: 2, 16384 bytes)
[    0.044874] Mountpoint-cache hash table entries: 2048 (order: 2, 16384 bytes)
[    0.045917] Initializing cgroup subsys io
[    0.046514] Initializing cgroup subsys memory
[    0.047147] Initializing cgroup subsys devices
[    0.047781] Initializing cgroup subsys freezer
[    0.048009] Initializing cgroup subsys net_cls
[    0.048648] Initializing cgroup subsys perf_event
[    0.052009] Initializing cgroup subsys net_prio
[    0.052658] Initializing cgroup subsys hugetlb
[    0.056016] Initializing cgroup subsys pids
[    0.057037] CPU: Physical Processor ID: 0
[    0.057627] CPU: Processor Core ID: 0
[    0.058187] mce: CPU supports 0 MCE banks
[    0.058871] Last level iTLB entries: 4KB 1024, 2MB 1024, 4MB 1024
[    0.060009] Last level dTLB entries: 4KB 1024, 2MB 1024, 4MB 1024, 1GB 4
[    0.060886] Spectre V2 : Mitigation: Full generic retpoline
[    0.061650] Spectre V2 : Speculation control IBPB not-supported IBRS not-supported
[    0.064009] Speculative Store Bypass: Vulnerable
[    0.068561] Freeing SMP alternatives memory: 32K
[    0.080689] ftrace: allocating 32245 entries in 126 pages
[    0.100080] smpboot: APIC(0) Converting physical 0 to logical package 0
[    0.104012] smpboot: Max logical packages: 1
[    0.105750] ..TIMER: vector=0x30 apic1=0 pin1=2 apic2=-1 pin2=-1
[    0.152000] smpboot: CPU0: Intel(R) Core(TM) i7-4770 CPU @ 3.40GHz (family: 0x6, model: 0x3c, stepping: 0x3)
[    0.156815] Performance Events: unsupported p6 CPU model 60 no PMU driver, software events only.
[    0.165844] NMI watchdog: disabled (cpu0): hardware events not enabled
[    0.166683] NMI watchdog: Shutting down hard lockup detector on all cpus
[    0.167655] x86: Booting SMP configuration:
[    0.168005] .... node  #0, CPUs:      #1
[    0.020000] mce: CPU supports 0 MCE banks
[    0.171255] x86: Booted up 1 node, 2 CPUs
[    0.172005] smpboot: Total of 2 processors activated (13583.33 BogoMIPS)
[    0.176243] devtmpfs: initialized
[    0.181085] evm: security.selinux
[    0.181618] evm: security.SMACK64
[    0.182146] evm: security.SMACK64EXEC
[    0.184009] evm: security.SMACK64TRANSMUTE
[    0.188005] evm: security.SMACK64MMAP
[    0.188565] evm: security.ima
[    0.189054] evm: security.capability
[    0.192150] clocksource: jiffies: mask: 0xffffffff max_cycles: 0xffffffff, max_idle_ns: 7645041785100000 ns
[    0.196022] futex hash table entries: 512 (order: 3, 32768 bytes)
[    0.200253] pinctrl core: initialized pinctrl subsystem
[    0.204133] RTC time: 11:58:43, date: 07/30/18
[    0.204959] NET: Registered protocol family 16
[    0.220013] cpuidle: using governor ladder
[    0.236013] cpuidle: using governor menu
[    0.240023] PCCT header not found.
[    0.240619] ACPI: bus type PCI registered
[    0.241220] acpiphp: ACPI Hot Plug PCI Controller Driver version: 0.5
[    0.242154] PCI: Using configuration type 1 for base access
[    0.252099] ACPI: Added _OSI(Module Device)
[    0.256021] ACPI: Added _OSI(Processor Device)
[    0.260006] ACPI: Added _OSI(3.0 _SCP Extensions)
[    0.264006] ACPI: Added _OSI(Processor Aggregator Device)
[    0.268442] ACPI: Executed 1 blocks of module-level executable AML code
[    0.281709] ACPI: Interpreter enabled
[    0.282330] ACPI: (supports S0 S5)
[    0.282794] ACPI: Using IOAPIC for interrupt routing
[    0.288017] PCI: Using host bridge windows from ACPI; if necessary, use "pci=nocrs" and report a bug
[    0.290892] ACPI: PCI Root Bridge [PCI0] (domain 0000 [bus 00-ff])
[    0.291571] acpi PNP0A03:00: _OSC: OS supports [ASPM ClockPM Segments MSI]
[    0.292009] acpi PNP0A03:00: _OSC failed (AE_NOT_FOUND); disabling ASPM
[    0.292855] acpi PNP0A03:00: fail to add MMCONFIG information, can't access extended PCI configuration space under this bridge.
[    0.296187] PCI host bridge to bus 0000:00
[    0.300007] pci_bus 0000:00: root bus resource [io  0x0000-0x0cf7 window]
[    0.300871] pci_bus 0000:00: root bus resource [io  0x0d00-0xffff window]
[    0.301765] pci_bus 0000:00: root bus resource [mem 0x000a0000-0x000bffff window]
[    0.302894] pci_bus 0000:00: root bus resource [mem 0x40000000-0xffdfffff window]
[    0.304672] pci_bus 0000:00: root bus resource [bus 00-ff]
[    0.306757] pci 0000:00:01.1: legacy IDE quirk: reg 0x10: [io  0x01f0-0x01f7]
[    0.308006] pci 0000:00:01.1: legacy IDE quirk: reg 0x14: [io  0x03f6]
[    0.308861] pci 0000:00:01.1: legacy IDE quirk: reg 0x18: [io  0x0170-0x0177]
[    0.309764] pci 0000:00:01.1: legacy IDE quirk: reg 0x1c: [io  0x0376]
[    0.324328] ACPI: PCI Interrupt Link [LNKA] (IRQs 5 9 10 11) *0, disabled.
[    0.329076] ACPI: PCI Interrupt Link [LNKB] (IRQs 5 9 10 *11)
[    0.330265] ACPI: PCI Interrupt Link [LNKC] (IRQs 5 9 *10 11)
[    0.344042] ACPI: PCI Interrupt Link [LNKD] (IRQs 5 *9 10 11)
[    0.345261] ACPI: Enabled 2 GPEs in block 00 to 07
[    0.346157] vgaarb: setting as boot device: PCI:0000:00:02.0
[    0.347204] vgaarb: device added: PCI:0000:00:02.0,decodes=io+mem,owns=io+mem,locks=none
[    0.348008] vgaarb: loaded
[    0.348481] vgaarb: bridge control possible 0000:00:02.0
[    0.349273] SCSI subsystem initialized
[    0.356055] ACPI: bus type USB registered
[    0.364030] usbcore: registered new interface driver usbfs
[    0.368025] usbcore: registered new interface driver hub
[    0.372049] usbcore: registered new device driver usb
[    0.374153] PCI: Using ACPI for IRQ routing
[    0.374153] NetLabel: Initializing
[    0.376007] NetLabel:  domain hash size = 128
[    0.380012] NetLabel:  protocols = UNLABELED CIPSOv4
[    0.384026] NetLabel:  unlabeled traffic allowed by default
[    0.388062] amd_nb: Cannot enumerate AMD northbridges
[    0.392058] clocksource: Switched to clocksource refined-jiffies
[    0.400273] AppArmor: AppArmor Filesystem Enabled
[    0.404073] pnp: PnP ACPI init
[    0.408542] pnp: PnP ACPI: found 4 devices
[    0.419730] clocksource: acpi_pm: mask: 0xffffff max_cycles: 0xffffff, max_idle_ns: 2085701024 ns
[    0.420052] clocksource: Switched to clocksource acpi_pm
[    0.433661] NET: Registered protocol family 2
[    0.434429] TCP established hash table entries: 8192 (order4,55 bes
[  0391]TCP inha tlentes81 (de 51372byte)  2.69] P:as tlecoiged(estlied19bid 92
[  3630]UDha table entries: 512 (order: 2, 16384 bytes)
[    4.170091] UDP-Lite hash table entries: 512 (order: 2, 16384 bytes)
[    4.170993] NET: Registered protocol family 1
[    4.171644] pci 0000:00:00.0: Limiting direc P/P tnsrs[  4159]ci 0000::0.0: titi I DMA hang workarounds
[   5659]npki itrfs..
[    6.311142] Freeing initrd memory: 15364K
[    6.406584] RAPL PMU detected, API unit is 2^-32 Joules, 4 fixed counters 10737418240 ms ovfl timer
[    6.646058] hw unit of domain pp0-core 2^-0 Joules
[    6.763104] hw unit of domain package 2^-0 Joules
[    6.895368] hw unit of domain dram 2^-0 Joules
[    6.992326] hw unit of domain pp1-gpu 2^-0 Joules
[    7.071544] platform rtc_cmos: registered platform RTC device (no PNP device found)
[    7.103097] Scanning for low memory corruption every 60 seconds
[    7.104215] audit: initializing netlink subsys (disabled)
[    7.104969] audit: type=2000 audit(1532951917.103:1): initialized
[    7.106058] Initialise system trusted keyring
[    7.107013] HugeTLB registered  MB agsi, realoced pes
[   7.47] bud: load   8941]sc Rin T cocksrc calraon33.8 M
[    9.629054] clocksource: tsc: mask: 0xffffffffffffffff max_cycles: 0x30f3230db30, max_idle_ns: 440795272571 ns
[    9.629631] VFS: Disk quotas dquot_6.6.0
[    9.629655] VFS: Dquot-cache hash table entries: 512 (order 0, 4096 bytes)
[    9.629842] squashfs: version 4.0 (2009/01/31) Phillip Lougher
[    9.630043] fuse init (API version 7.23)
[    9.630162] Key type big_key registered
[    9.630183] Allocating IMA MOK and blacklist keyrings.
[    9.630693] Key type asymmetric registered
[    9.630697] Asymmetric key parser 'x509' registered
[    9.630723] Block layer SCSI generic (bsg) driver version 0.4 loaded (major 249)
[    9.630770] io scheduler noop registered
[    9.630773] io scheduler deadline registered (default)
[    9.630795] io scheduler cfq registered
[    9.630862] pci_hotplug: PCI Hot Plug PCI Core version: 0.5
[    9.630867] pciehp: PCI Express Hot Plug Controller Driver version: 0.4
[    9.630971] ACPI: AC Adapter [AC] (on-line)
[    9.631013] input: Power Button as /devices/LNXSYSTM:00/LNXPWRBN:00/input/input0
[    9.631017] ACPI: Power Button [PWRF]
[    9.631073] input: Sleep Button as /devices/LNXSYSTM:00/LNXSLPBN:00/input/input1
[    9.631076] ACPI: Sleep Button [SLPF]
[    9.631211] GHES: HEST is not enabled!
[    9.631282] Serial: 8250/16550 driver, 32 ports, IRQ sharing enabled
[    9.763946] 00:03: ttyS0 at I/O 0x3f8 (irq = 4, base_baud = 115200) is a 16550A
[    9.765625] Linux agpgart interface v0.103
[    9.804275] loop: module loaded
[    9.804743] scsi host0: ata_piix
[    9.804828] scsi host1: ata_piix
[    9.804853] ata1: PATA max UDMA/33 cmd 0x1f0 ctl 0x3f6 bmdma 0xd000 irq 14
[    9.804855] ata2: PATA max UDMA/33 cmd 0x170 ctl 0x376 bmdma 0xd008 irq 15
[    9.804918] libphy: Fixed MDIO Bus: probed
[    9.804920] tun: Universal TUN/TAP device driver, 1.6
[    9.804922] tun: (C) 1999-2004 Max Krasnyansky <maxk@qualcomm.com>
[    9.805199] PPP generic driver version 2.4.2
[    9.805246] ehci_hcd: USB 2.0 'Enhanced' Host Controller (EHCI) Driver
[    9.805249] ehci-pci: EHCI PCI platform driver
[    9.805256] ehci-platform: EHCI generic platform driver
[    9.805263] ohci_hcd: USB 1.1 'Open' Host Controller (OHCI) Driver
[    9.805266] ohci-pci: OHCI PCI platform driver
[    9.805274] ohci-platform: OHCI generic platform driver
[    9.805280] uhci_hcd: USB Universal Host Controller Interface driver
[    9.805323] i8042: PNP: PS/2 Controller [PNP0303:PS2K,PNP0f03:PS2M] at 0x60,0x64 irq 1,12
[    9.809922] serio: i8042 KBD port at 0x60,0x64 irq 1
[    9.809929] serio: i8042 AUX port at 0x60,0x64 irq 12
[    9.810040] mousedev: PS/2 mouse device common for all mice
[    9.810339] rtc_cmos rtc_cmos: rtc core: registered rtc_cmos as rtc0
[    9.810386] rtc_cmos rtc_cmos: alarms up to one day, 114 bytes nvram
[    9.810393] i2c /dev entries driver
[    9.810433] device-mapper: uevent: version 1.0.3
[    9.810482] device-mapper: ioctl: 4.34.0-ioctl (2015-10-28) initialised: dm-devel@redhat.com
[    9.810497] ledtrig-cpu: registered to indicate activity on CPUs
[    9.810814] NET: Registered protocol family 10
[    9.810942] NET: Registered protocol family 17
[    9.810953] Key type dns_resolver registered
[    9.813625] microcode: CPU0 sig=0x306c3, pf=0x2, revision=0x19
[    9.818177] microcode: CPU1 sig=0x306c3, pf=0x2, revision=0x19
[    9.818250] microcode: Microcode Update Driver: v2.01 <tigran@aivazian.fsnet.co.uk>, Peter Oruba
[    9.818358] registered taskstats version 1
[    9.818375] Loading compiled-in X.509 certificates
[    9.819056] Loaded X.509 cert 'Build time autogenerated kernel key: b3e0fe4bcd6378c38a2c0a4648abbc1fa5043a22'
[    9.819073] zswap: loaded using pool lzo/zbud
[    9.820595] Key type trusted registered
[    9.823144] Key type encrypted registered
[    9.823151] AppArmor: AppArmor sha1 policy hashing enabled
[    9.823155] ima: No TPM chip found, activating TPM-bypass!
[    9.823160] ima: Allocated hash algorithm: sha1
[    9.823176] evm: HMAC attrs: 0x1
[    9.823369]   Magic number: 10:868:985
[    9.828636] rtc_cmos rtc_cmos: setting system clock to 2018-07-30 11:58:53 UTC (1532951933)
[    9.828802] BIOS EDD facility v0.16 2004-Jun-25, 0 devices found
[    9.828804] EDD information not available.
[    9.829500] input: AT Translated Set 2 keyboard as /devices/platform/i8042/serio0/input/input2
[   11.020707] Freeing unused kernel memory: 1516K
[   11.036897] Write protecting the kernel read-only data: 14336k
[   11.197829] Freeing unused kernel memory: 1680K
[   11.236255] Freeing unused kernel memory: 96K
Loading, please wait...
starting version[   11.249588] random: systemd-udevd: uninitialized urandom read (16 bytes read, 4 bits of entropy available)
 229
[   11.250053] random: udevadm: uninitialized urandom read (16 bytes read, 4 bits of entropy available)
[   11.250073] random: udevadm: uninitialized urandom read (16 bytes read, 4 bits of entropy available)
[   11.259049] random: udevadm: uninitialized urandom read (16 bytes read, 4 bits of entropy available)
[   11.259082] random: udevadm: uninitialized urandom read (16 bytes read, 4 bits of entropy available)
[   11.259200] random: udevadm: uninitialized urandom read (16 bytes read, 4 bits of entropy available)
[   11.259247] random: udevadm: uninitialized urandom read (16 bytes read, 4 bits of entropy available)
[   11.259328] random: udevadm: uninitialized urandom read (16 bytes read, 4 bits of entropy available)
[   11.259394] random: udevadm: uninitialized urandom read (16 bytes read, 4 bits of entropy available)
[   11.259439] random: udevadm: uninitialized urandom read (16 bytes read, 4 bits of entropy available)
[   11.722734] e1000: Intel(R) PRO/1000 Network Driver - version 7.3.21-k8-NAPI
[   11.924035] e1000: Copyright (c) 1999-2006 Intel Corporation.
[   11.977420] Fusion MPT base driver 3.04.20
[   12.010685] Copyright (c) 1999-2008 LSI Corporation
[   12.018300] clocksource: Switched to clocksource tsc
[   12.019243] Fusion MPT SPI Host driver 3.04.20
[   12.222373] input: ImExPS/2 Generic Explorer Mouse as /devices/platform/i8042/serio1/input/input4
[   12.832415] e1000 0000:00:03.0 eth0: (PCI:33MHz:32-bit) 02:38:b8:f5:60:7e
[   13.033867] e1000 0000:00:03.0 eth0: Intel(R) PRO/1000 Network Connection
[   13.237253] e1000 0000:00:03.0 enp0s3: renamed from eth0
[   13.238166] mptbase: ioc0: Initiating bringup
[   13.760446] ioc0: LSI53C1030 A0: Capabilities={Initiator}
[   14.805394] scsi host2: ioc0: LSI53C1030 A0, FwRev=00000000h, Ports=1, MaxQ=256, IRQ=20
[   15.081849] scsi 2:0:0:0: Direct-Access     VBOX     HARDDISK         1.0  PQ: 0 ANSI: 5
[   15.235944] scsi target2:0:0: Beginning Domain Validation
[   15.237573] scsi target2:0:0: Domain Validation skipping write tests
[   15.238416] scsi target2:0:0: Ending Domain Validation
[   15.239264] scsi target2:0:0: asynchronous
[   15.240348] scsi 2:0:1:0: Direct-Access     VBOX     HARDDISK         1.0  PQ: 0 ANSI: 5
[   15.241504] scsi target2:0:1: Beginning Domain Validation
[   15.243112] scsi target2:0:1: Domain Validation skipping write tests
[   15.243951] scsi target2:0:1: Ending Domain Validation
[   15.244758] scsi target2:0:1: asynchronous
[   15.252681] sd 2:0:0:0: Attached scsi generic sg0 type 0
[   15.253438] sd 2:0:0:0: [sda] 20971520 512-byte logical blocks: (10.7 GB/10.0 GiB)
[   15.255838] sd 2:0:0:0: [sda] Write Protect is off
[   15.256692] sd 2:0:0:0: [sda] Incomplete mode parameter data
[   15.257476] sd 2:0:0:0: [sda] Assuming drive cache: write through
[   15.258285] sd 2:0:1:0: [sdb] 20480 512-byte logical blocks: (10.5 MB/10.0 MiB)
[   15.262100] sd 2:0:1:0: Attached scsi generic sg1 type 0
[   15.262628]  sda: sda1
[   15.263450] sd 2:0:0:0: [sda] Attached SCSI disk
[   15.308405] sd 2:0:1:0: [sdb] Write Protect is off
[   15.420084] sd 2:0:1:0: [sdb] Incomplete mode parameter data
[   15.553471] sd 2:0:1:0: [sdb] Assuming drive cache: write through
[   15.747296] sd 2:0:1:0: [sdb] Attached SCSI disk
Begin: Loading essential drivers ... [   17.220865] md: linear personality registered for level -1
[   17.223726] md: multipath personality registered for level -4
[   17.226662] md: raid0 personality registered for level 0
[   17.230162] md: raid1 personality registered for level 1
[   17.308034] raid6: sse2x1   gen() 11165 MB/s
[   17.476019] raid6: sse2x1   xor()  8638 MB/s
[   17.660034] raid6: sse2x2   gen() 14285 MB/s
[   17.840037] raid6: sse2x2   xor()  9578 MB/s
[   18.024020] raid6: sse2x4   gen() 16517 MB/s
[   18.116030] raid6: sse2x4   xor() 11580 MB/s
[   18.212463] raid6: using algorithm sse2x4 gen() 16517 MB/s
[   18.214306] raid6: .... xor() 11580 MB/s, rmw enabled
[   18.215006] raid6: using ssse3x2 recovery algorithm
[   18.216633] xor: measuring software checksum speed
[   18.256037]    prefetch64-sse: 20796.000 MB/sec
[   18.304041]    generic_sse: 19585.000 MB/sec
[   18.352327] xor: using function: prefetch64-sse (20796.000 MB/sec)
[   18.546855] async_tx: api initialized (async)
[   18.678972] md: raid6 personality registered for level 6
[   18.807221] md: raid5 personality registered for level 5
[   18.870556] md: raid4 personality registered for level 4
[   18.881824] md: raid10 personality registered for level 10
done.
Begin: Running /scripts/init-premount ... done.
Begin: Mounting root file system ... Begin: Running /scripts/local-top ... done.
Begin: Running /scripts/local-premount ... [   18.910767] Btrfs loaded
Scanning for Btrfs filesystems
done.
Warning: fsck no[   19.002319] EXT4-fs (sda1): INFO: recovery required on readonly filesystem
t present, so sk[   19.206958] EXT4-fs (sda1): write access will be enabled during recovery
ipping root file system
[   19.311757] EXT4-fs (sda1): recovery complete
[   19.437997] EXT4-fs (sda1): mounted filesystem with ordered data mode. Opts: (null)
done.
Begin: Running /scripts/local-bottom ... done.
Begin: Running /scripts/init-bottom ... done.
[   .33252raomnonblocking pool is initialized
[   20.834918] systemd[1]: systemd 229 running in system mode. (+PAM +AUDIT +SELINUX +IMA +APPARMOR +SMACK +SYSVINIT +UTMP +LIBCRYPTSETUP +GCRYPT +GNUTLS +ACL +XZ -LZ4 +SECCOMP +BLKID +ELFUTILS +KMOD -IDN)
[   20.846985] systemd[1]: Detected virtualization oracle.
[   20.853031] systemd[1]: Detected architecture x86-64.

Welcome to [1mUbuntu 16.04.4 LTS[0m!

[   20.986206] systemd[1]: Set hostname to <ubuntu-xenial>.
[   21.957090] systemd[1]: Listening on udev Kernel Socket.
[[0;32m  OK  [0m] Listening on udev Kernel Socket.
[   21.966168] systemd[1]: Listening on Device-mapper event daemon FIFOs.
[[0;32m  OK  [0m] Listening on Device-mapper event daemon FIFOs.
[   21.988192] systemd[1]: Listening on udev Control Socket.
[[0;32m  OK  [0m] Listening on udev Control Socket.
[   22.039804] systemd[1]: Listening on LVM2 poll daemon socket.
[[0;32m  OK  [0m] Listening on LVM2 poll daemon socket.
[   22.049846] systemd[1]: Started Trigger resolvconf update for networkd DNS.
[[0;32m  OK  [0m] Started Trigger resolvconf update for networkd DNS.
[   22.075139] systemd[1]: Set up automount Arbitrary Executable File Formats File System Automount Point.
[[0;32m  OK  [0m] Set up automount Arbitrary Executab...ats File System Automount Point.
[   22.133316] systemd[1]: Created slice System Slice.
[[0;32m  OK  [0m] Created slice System Slice.
[   22.254708] systemd[1]: Reached target User and Group Name Lookups.
[[0;32m  OK  [0m] Reached target User and Group Name Lookups.
[   22.481003] systemd[1]: Created slice system-serial\x2dgetty.slice.
[[0;32m  OK  [0m] Created slice system-serial\x2dgetty.slice.
[   22.700252] systemd[1]: Listening on LVM2 metadata daemon socket.
[[0;32m  OK  [0m] Listening on LVM2 metadata daemon socket.
[   22.776302] systemd[1]: Listening on Syslog Socket.
[[0;32m  OK  [0m] Listening on Syslog Socket.
[   22.840452] systemd[1]: Started Forward Password Requests to Wall Directory Watch.
[[0;32m  OK  [0m] Started Forward Password Requests to Wall Directory Watch.
[   22.993889] systemd[1]: Listening on /dev/initctl Compatibility Named Pipe.
[[0;32m  OK  [0m] Listening on /dev/initctl Compatibility Named Pipe.
[   23.196240] systemd[1]: Listening on Journal Socket.
[[0;32m  OK  [0m] Listening on Journal Socket.
[   23.248168] systemd[1]: Mounting Debug File System...
         Mounting Debug File System...
[   23.265093] systemd[1]: Starting Monitoring of LVM2 mirrors, snapshots etc. using dmeventd or progress polling...
         Starting Monitoring of LVM2 mirrors... dmeventd or progress polling...
[   23.325534] systemd[1]: Starting Set console keymap...
         Starting Set console keymap...
[   23.512500] systemd[1]: Mounting POSIX Message Queue File System...
         Mounting POSIX Message Queue File System...
[   23.757751] systemd[1]: Starting Nameserver information manager...
         Starting Nameserver information manager...
[   23.825547] systemd[1]: Mounting Huge Pages File System...
         Mounting Huge Pages File System...
[   23.883355] systemd[1]: Listening on Journal Audit Socket.
[[0;32m  OK  [0m] Listening on Journal Audit Socket.
[   23.889130] systemd[1]: Starting Remount Root and Kernel File Systems...
         Starting Remount Root and Kernel File Systems...
[   23.901394] systemd[1]: Listening on Journal Socket (/dev/log).
[[0;32m  OK  [0m] Listening on Journal Socket (/dev/log).
[   23.903778] systemd[1]: Starting Create list of required static device nodes for the current kernel...
         Starting Create list of required st... nodes for the current kernel...
[   23.913320] systemd[1]: Starting Uncomplicated firewall...
         Starting Uncomplicated firewall...
[   23.925886] EXT4-fs (sda1): re-mounted. Opts: (null)
[   23.962241] systemd[1]: Reached target Swap.
[[0;32m  OK  [0m] Reached target Swap.
[   23.964128] systemd[1]: Created slice User and Session Slice.
[[0;32m  OK  [0m] Created slice User and Session Slice.
[   23.993532] systemd[1]: Reached target Slices.
[[0;32m  OK  [0m] Reached target Slices.
[   23.995095] systemd[1]: Reached target Encrypted Volumes.
[[0;32m  OK  [0m] Reached target Encrypted Volumes.
[   24.020148] systemd[1]: Starting Load Kernel Modules...
[   24.125761] Loading iSCSI transport class v2.0-870.
         Starting Load Kernel Modules...
[   24.153975] systemd[1]: Reached target System Time Synchronized.
[[0;32m  OK  [0m] Reached target System Time Synchronized.
[   24.163485] systemd[1]: Starting Journal Service...
         Starting Journal Service...
[   24.166897] systemd[1]: Mounted Debug File System.
[[0;32m  OK  [0m] Mounted Debu[   24.174578] iscsi: registered transport (tcp)
g File System.
[   24.238745] systemd[1]: Mounted POSIX Message Queue File System.
[[0;32m  OK  [0m] Mounted POSIX Message Queue File System.
[   24.369372] systemd[1]: Mounted Huge Pages File System.
[[0;32m  OK  [0m] Mounted Huge Pages File System.
[   24.403960] systemd[1]: Started Set console keymap.
[[0;32m  OK  [0m] Started Set console keymap.
[   24.429140] systemd[1]: Started Remount Root and Kernel File Systems.
[[0;32m  OK  [0m] Started Remount Root and Kernel File Systems.
[   24.490347] systemd[1]: Started Create list of required static device nodes for the current kernel.
[[0;32m  OK  [0m] Started Create list of required sta...ce nodes for the current kernel.
[   24.512636] systemd[1]: Started Uncomplicated firewall.
[[0;32m  OK  [0m] Started Uncomplicated firewall.
[   24.532211] systemd[1]: Started Nameserver information manager.
[[0;32m  OK  [0m] Started Nameserver information manager.
[   24.580241] systemd[1]: Started LVM2 metadata daemon.
[[0;32m  OK  [0m] Started LVM2 metadata daemon.
[   24.703696] iscsi: registered transport (iser)
[   24.808156] systemd[1]: Starting Create Static Device Nodes in /dev...
         Starting Create Static Device Nodes in /dev...
[   24.986520] systemd[1]: Starting Load/Save Random Seed...
         Starting Load/Save Random Seed...
[   25.036305] systemd[1]: Starting udev Coldplug all Devices...
         Starting udev Coldplug all Devices...
[   25.233671] systemd[1]: Started Journal Service.
[[0;32m  OK  [0m] Started Journal Service.
[[0;32m  OK  [0m] Started Load Kernel Modules.
[[0;32m  OK  [0m] Started Load/Save Random Seed.
[[0;32m  OK  [0m] Started Monitoring of LVM2 mirrors,...ng dmeventd or progress polling.
[[0;32m  OK  [0m] Started Create Static Device Nodes in /dev.
[[0;32m  OK  [0m] Started udev Coldplug all Devices.
         Starting udev Kernel Device Manager...
         Mounting FUSE Control File System...
         Starting Apply Kernel Variables...
         Starting Flush Journal to Persistent Storage...
[[0;32m  OK  [0m] Mounted FUSE Control File System.
[   25.671159] systemd-journald[397]: Received request to flush runtime journal from PID 1
[[0;32m  OK  [0m] Started Apply Kernel Variables.
[[0;32m  OK  [0m] Started Flush Journal to Persistent Storage.
[[0;32m  OK  [0m] Started udev Kernel Device Manager.
[[0;32m  OK  [0m] Started Dispatch Password Requests to Console Directory Watch.
[[0;32m  OK  [0m] Reached target Local File Systems (Pre).
[[0;32m  OK  [0m] Reached target Local File Systems.
         Starting Set console font and keymap...
         Starting Initial cloud-init job (pre-networking)...
         Starting Tell Plymouth To Write Out Runtime Data...
         Starting LSB: AppArmor initialization...
         Starting Create Volatile Files and Directories...
[[0;32m  OK  [0m] Found device /dev/ttyS0.
[[0;32m  OK  [0m] Started Tell Plymouth To Write Out Runtime Data.
[[0;32m  OK  [0m] Listening on Load/Save RF Kill Switch Status /dev/rfkill Watch.
[[0;32m  OK  [0m] Started Create Volatile Files and Directories.
         Starting Update UTMP about System Boot/Shutdown...
[[0;32m  OK  [0m] Found device 82540EM Gigabit Ethern...r (PRO/1000 MT Desktop Adapter).
[[0;32m  OK  [0m] Started Update UTMP about System Boot/Shutdown.
[[0;32m  OK  [0m] Started Set console font and keymap.
[[0;32m  OK  [0m] Created slice system-getty.slice.
[[0;32m  OK  [0m] Started LSB: AppArmor initialization.
[   29.779329] cloud-init[489]: Cloud-init v. 18.2 running 'init-local' at Mon, 30 Jul 2018 11:59:12 +0000. Up 29.30 seconds.
[[0;32m  OK  [0m] Started Initial cloud-init job (pre-networking).
[[0;32m  OK  [0m] Reached target Network (Pre).
         Starting Raise network interfaces...
[[0;32m  OK  [0m] Started ifup for enp0s3.
[[0;32m  OK  [0m] Started Raise network interfaces.
[[0;32m  OK  [0m] Reached target Network.
         Starting Initial cloud-init job (metadata service crawler)...
[   31.522099] cloud-init[999]: Cloud-init v. 18.2 running 'init' at Mon, 30 Jul 2018 11:59:14 +0000. Up 30.67 seconds.
[   31.617585] [cloud-init[0;32m  OK  [0m[999]: ] ci-info: +++++++++++++++++++++++++++++++++++++Net device info++++++++++++++++++++++++++++++++++++++Started Initial cloud-init job (metadata service crawler).

[   31.619046] cloud-init[999]: ci-info: +--------+------+----------------------------+---------------+-------+-------------------+
[   31.917175] [[0;32m  OK  [0m] Reached target Network is Online.
cloud-init[999]: ci-info: | Device |  Up  |          Address           |      Mask     | Scope |     Hw-Address    |
[   32.089172]          cloud-initStarting iSCSI initiator daemon (iscsid)...[999]: 
ci-info: +--------+------+----------------------------+---------------+-------+-------------------+
[   32.261080] [cloud-init[0;32m  OK  [0m[999]: ] ci-info: | enp0s3 | True |         10.0.2.15          | 255.255.255.0 |   .   | 02:38:b8:f5:60:7e |Reached target Cloud-config availability.

[   32.262796] [cloud-init[0;32m  OK  [0m[999]: ] ci-info: | enp0s3 | True | fe80::38:b8ff:fef5:607e/64 |       .       |  link | 02:38:b8:f5:60:7e |Reached target System Initialization.

[   32.410791] [cloud-init[0;32m  OK  [0m[999]: ] ci-info: |   lo   | True |         127.0.0.1          |   255.0.0.0   |   .   |         .         |Listening on D-Bus System Message Bus Socket.

[   32.550183] [cloud-init[0;32m  OK  [0m[999]: ] ci-info: |   lo   | True |          ::1/128           |       .       |  host |         .         |Started Daily Cleanup of Temporary Directories.

[   32.861082] [cloud-init[0;32m  OK  [0m[999]: ] ci-info: +--------+------+----------------------------+---------------+-------+-------------------+Started ACPI Events Check.

[   32.862791] [cloud-init[0;32m  OK  [0m[999]: ] ci-info: +++++++++++++++++++++++++++Route IPv4 info++++++++++++++++++++++++++++Reached target Paths.

[   32.994774]          cloud-initStarting Socket activation for snappy daemon.[999]: 
ci-info: +-------+-------------+----------+---------------+-----------+-------+
[   33.241781] [[0;32m  OK  [0m] Started Daily apt download activities.
[[0;32m  OK  [0m] Started Daily apt upgrade and clean activities.
[[0;32m  OK  [0m] Reached target Timers.
[[0;32m  OK  [0m] Listening on UUID daemon activation socket.
[[0;32m  OK  [0m] Listening on ACPID Listen Socket.
cloud-init[999]: ci-info: | Route | Destination | Gateway  |    Genmask    | Interface | Flags |
[   33.401845] cloud-init[999]: ci-info: +-------+-------------+----------+---------------+-----------+-------+
[   33.403065] cloud-init[999]: ci-info: |   0   |   0.0.0.0   | 10.0.2.2 |    0.0.0.0    |   enp0s3  |   UG  |
         Starting LXD - unix socket.
[   33.403465] cloud-init[999]: ci-info: |   1   |   10.0.2.0  | 0.0.0.0  | 255.255.255.0 |   enp0s3  |   U   |
[   33.739537] [cloud-init[0;32m  OK  [0m[999]: ] ci-info: +-------+-------------+----------+---------------+-----------+-------+Listening on Socket activation for snappy daemon.

[[0;32m  OK  [0m] Listening on LXD - unix socket.
[[0;32m  OK  [0m] Started iSCSI initiator daemon (iscsid).
         Starting Login to default iSCSI targets...
[[0;32m  OK  [0m] Reached target Sockets.
[[0;32m  OK  [0m] Reached target Basic System.
         Starting Virtualbox guest utils...
         Starting Accounts Service...
         Starting Login Service...
[[0;32m  OK  [0m] Started FUSE filesystem for LXC.
         Starting System Logging Service...
         Starting LSB: Record successful boot for GRUB...
[[0;32m  OK  [0m] Started ACPI event daemon.
[[0;32m  OK  [0m] Started D-Bus System Message Bus.
[[0;32m  OK  [0m] Started Regular background program processing daemon.
         Starting OpenBSD Secure Shell server...
[[0;32m  OK  [0m] Started Unattended Upgrades Shutdown.
         Starting /etc/rc.local Compatibility...
[[0;32m  OK  [0m] Started Deferred execution scheduler.
         Starting Apply the settings specified in cloud-config...
         Starting Snappy daemon...
         Starting LXD - container startup/shutdown...
         Starting LSB: MD monitoring daemon...
[[0;32m  OK  [0m] Started System Logging Service.
[[0;32m  OK  [0m] Started OpenBSD Secure Shell server.
[[0;32m  OK  [0m] Started /etc/rc.local Compatibility.
[[0;32m  OK  [0m] Started Login Service.
[[0;32m  OK  [0m] Started LSB: Record successful boot for GRUB.
         Starting Authenticate and Authorize Users to Run Privileged Tasks...
[   35.545183] cloud-init[1101]: Cloud-init v. 18.2 running 'modules:config' at Mon, 30 Jul 2018 11:59:18 +0000. Up 35.25 seconds.
[[0;32m  OK  [0m] Started Apply the settings specified in cloud-config.
[[0;32m  OK  [0m] Started LSB: MD monitoring daemon.
[[0;32m  OK  [0m] Started Login to default iSCSI targets.
[[0;32m  OK  [0m] Reached target Remote File Systems (Pre).
[[0;32m  OK  [0m] Reached target Remote File Systems.
         Starting Permit User Sessions...
         Starting LSB: daemon to balance interrupts for SMP systems...
         Starting LSB: Set the CPU Frequency Scaling governor to "ondemand"...
         Starting LSB: automatic crash report generation...
[[0;32m  OK  [0m] Started Virtualbox guest utils.
[[0;32m  OK  [0m] Started Permit User Sessions.
[[0;32m  OK  [0m] Started Authenticate and Authorize Users to Run Privileged Tasks.
[[0;32m  OK  [0m] Started Accounts Service.
         Starting Hold until boot process finishes up...
         Starting Terminate Plymouth Boot Screen...
[[0;32m  OK  [0m] Started LSB: daemon to balance interrupts for SMP systems.
[[0;32m  OK  [0m] Started LSB: Set the CPU Frequency Scaling governor to "ondemand".
[[0;32m  OK  [0m] Started LSB: automatic crash report generation.
[[0;32m  OK  [0m] Started Hold until boot process finishes up.
[[0;32m  OK  [0m] Started Terminate Plymouth Boot Screen.
[[0;32m  OK  [0m] Started Getty on tty1.
[[0;32m  OK  [0m] Started Serial Getty on ttyS0.
[[0;32m  OK  [0m] Reached target Login Prompts.
         Starting Set console scheme...
[[0;32m  OK  [0m] Started Set console scheme.
[[0;32m  OK  [0m] Started Snappy daemon.
         Starting Wait until snapd is fully seeded...
[[0;32m  OK  [0m] Started Wait until snapd is fully seeded.
[[0;32m  OK  [0m] Started LXD - container startup/shutdown.
[[0;32m  OK  [0m] Reached target Multi-User System.
         Starting Execute cloud user/final scripts...
[[0;32m  OK  [0m] Reached target Graphical Interface.
         Starting Update UTMP about System Runlevel Changes...
[[0;32m  OK  [0m] Started Update UTMP about System Runlevel Changes.
[   37.339444] cloud-init[1234]: Cloud-init v. 18.2 running 'modules:final' at Mon, 30 Jul 2018 11:59:20 +0000. Up 37.22 seconds.
[   37.379419] cloud-init[1234]: Cloud-init v. 18.2 finished at Mon, 30 Jul 2018 11:59:21 +0000. Datasource DataSourceNoCloud [seed=/dev/sdb][dsmode=net].  Up 37.33 seconds
[[0;32m  OK  [0m] Started Execute cloud user/final scripts.
         Starting Daily apt download activities...
[[0;32m  OK  [0m] Reached target Cloud-init target.

Ubuntu 16.04.4 LTS ubuntu-xenial ttyS0

ubuntu-xenial login:          Stopping Authenticate and Authorize Users to Run Privileged Tasks...
[[0;32m  OK  0         Stopping Unattended Upgrades Shutdown...
         Stopping OpenBSD Secure Shell server...
         Stopping Deferred execution scheduler...
[[0;32m  OK  [0m] Stopped Wait until snapd is fully seeded.
         Stopping Snappy daemon...
         Stopping ACPI event daemon...
         Stopping Session 2 of user vagrant.
         Stopping Getty on tty1...
[[0;32m  OK  [0m] Unmounted /var/lib/lxcfs.
[[0;32m  OK  [0m] Stopped Accounts Service.
[[0;32m  OK  [0m] Stopped System Logging Service.
[[0;32m  OK  [0m] Stopped ACPI event daemon.
[[0;32m  OK  [0m] Stopped Regular background program processing daemon.
[[0;32m  OK  [0m] Stopped OpenBSD Secure Shell server.
[[0;32m  OK  [0m] Stopped Deferred execution scheduler.
[[0;32m  OK  [0m] Stopped Snappy daemon.
[[0;32m  OK  [0m] Stopped Authenticate and Authorize Users to Run Privileged Tasks.
[[0;32m  OK  [0m] Stopped Getty on tty1.
[[0;32m  OK  [0m] Stopped Serial Getty on ttyS0.
[[0;32m  OK  [0m] Stopped User Manager for UID 1000.
[[0;32m  OK  [0m] Stopped D-Bus System Message Bus.
[[0;32m  OK  [0m] Stopped Unattended Upgrades Shutdown.
[[0;32m  OK  [0m] Stopped Session 2 of user vagrant.
[[0;32m  OK  [0m] Stopped FUSE filesystem for LXC.
[[0;32m  OK  [0m] Stopped LSB: daemon to balance interrupts for SMP systems.
[[0;32m  OK  [0m] Stopped LSB: Set the CPU Frequency Scaling governor to "ondemand".
[[0;32m  OK  [0m] Stopped Virtualbox guest utils.
[[0;32m  OK  [0m] Stopped LXD - container startup/shutdown.
[[0;32m  OK  [0m] Stopped LSB: MD monitoring daemon.
[[0;32m  OK  [0m] Stopped LSB: automatic crash report generation.
[[0;32m  OK  [0m] Stopped LSB: Record successful boot for GRUB.
[[0;32m  OK  [0m] Removed slice User Slice of vagrant.
         Stopping Login Service...
[[0;32m  OK  [0m] Removed slice system-serial\x2dgetty.slice.
         Stopping Permit User Sessions...
[[0;32m  OK  [0m] Removed slice system-getty.slice.
[[0;32m  OK  [0m] Stopped /etc/rc.local Compatibility.
[[0;32m  OK  [0m] Stopped Login Service.
[[0;32m  OK  [0m] Stopped Permit User Sessions.
[[0;32m  OK  [0m] Stopped target Remote File Systems.
[[0;32m  OK  [0m] Stopped target Remote File Systems (Pre).
         Stopping Login to default iSCSI targets...
[[0;32m  OK  [0m] Stopped target User and Group Name Lookups.
[[0;32m  OK  [0m] Stopped target Basic System.
[[0;32m  OK  [0m] Stopped target Sockets.
[[0;32m  OK  [0m] Closed UUID daemon activation socket.
[[0;32m  OK  [0m] Closed Syslog Socket.
[[0;32m  OK  [0m] Closed Socket activation for snappy daemon.
[[0;32m  OK  [0m] Closed LXD - unix socket.
[[0;32m  OK  [0m] Closed ACPID Listen Socket.
[[0;32m  OK  [0m] Stopped target Slices.
[[0;32m  OK  [0m] Stopped target Paths.
[[0;32m  OK  [0m] Stopped Dispatch Password Requests to Console Directory Watch.
[[0;32m  OK  [0m] Stopped Forward Password Requests to Wall Directory Watch.
[[0;32m  OK  [0m] Stopped ACPI Events Check.
[[0;32m  OK  [0m] Closed D-Bus System Message Bus Socket.
[[0;32m  OK  [0m] Stopped target System Initialization.
[[0;32m  OK  [0m] Stopped target Encrypted Volumes.
[[0;32m  OK  [0m] Stopped target Swap.
         Stopping Load/Save Random Seed...
[[0;32m  OK  [0m] Stopped Create Volatile Files and Directories.
[[0;32m  OK  [0m] Removed slice User and Session Slice.
[[0;32m  OK  [0m] Stopped Load/Save Random Seed.
[[0;32m  OK  [0m] Stopped Login to default iSCSI targets.
         Stopping iSCSI initiator daemon (iscsid)...
[[0;32m  OK  [0m] Stopped iSCSI initiator daemon (iscsid).
[[0;32m  OK  [0m] Stopped target Network is Online.
[[0;32m  OK  [0m] Stopped Initial cloud-init job (metadata service crawler).
[[0;32m  OK  [0m] Stopped target Network.
         Stopping Raise network interfaces...
[[0;32m  OK  [0m] Stopped Raise network interfaces.
[[0;32m  OK  [0m] Stopped target Local File Systems.
         Unmounting /run/user/1000...
[[0;32m  OK  [0m] Stopped Apply Kernel Variables.
[[0;32m  OK  [0m] Stopped target Network (Pre).
[[0;32m  OK  [0m] Stopped Initial cloud-init job (pre-networking).
[[0;32m  OK  [0m] Stopped Load Kernel Modules.
[[0;32m  OK  [0m] Unmounted /run/user/1000.
[[0;32m  OK  [0m] Reached target Unmount All Filesystems.
[[0;32m  OK  [0m] Stopped target Local File Systems (Pre).
[[0;32m  OK  [0m] Stopped Remount Root and Kernel File Systems.
[[0;32m  OK  [0m] Stopped Create Static Device Nodes in /dev.
[[0;32m  OK  [0m] Reached target Shutdown.
[  777.585699] reboot: Power down
